                      :-) GROMACS - gmx mdrun, 2021.2 (-:

                            GROMACS is written by:
     Andrey Alekseenko              Emile Apol              Rossen Apostolov     
         Paul Bauer           Herman J.C. Berendsen           Par Bjelkmar       
       Christian Blau           Viacheslav Bolnykh             Kevin Boyd        
     Aldert van Buuren           Rudi van Drunen             Anton Feenstra      
    Gilles Gouaillardet             Alan Gray               Gerrit Groenhof      
       Anca Hamuraru            Vincent Hindriksen          M. Eric Irrgang      
      Aleksei Iupinov           Christoph Junghans             Joe Jordan        
    Dimitrios Karkoulis            Peter Kasson                Jiri Kraus        
      Carsten Kutzner              Per Larsson              Justin A. Lemkul     
       Viveca Lindahl            Magnus Lundborg             Erik Marklund       
        Pascal Merz             Pieter Meulenhoff            Teemu Murtola       
        Szilard Pall               Sander Pronk              Roland Schulz       
       Michael Shirts            Alexey Shvetsov             Alfons Sijbers      
       Peter Tieleman              Jon Vincent              Teemu Virolainen     
     Christian Wennberg            Maarten Wolf              Artem Zhmurov       
                           and the project leaders:
        Mark Abraham, Berk Hess, Erik Lindahl, and David van der Spoel

Copyright (c) 1991-2000, University of Groningen, The Netherlands.
Copyright (c) 2001-2019, The GROMACS development team at
Uppsala University, Stockholm University and
the Royal Institute of Technology, Sweden.
check out http://www.gromacs.org for more information.

GROMACS is free software; you can redistribute it and/or modify it
under the terms of the GNU Lesser General Public License
as published by the Free Software Foundation; either version 2.1
of the License, or (at your option) any later version.

GROMACS:      gmx mdrun, version 2021.2
Executable:   /usr/local/gromacs/bin/gmx
Data prefix:  /usr/local/gromacs
Working dir:  /home/workstation/Documents/PhD/2206/Ben_Projekt/bPEI_33/1_AA
Process ID:   256603
Command line:
  gmx mdrun -v -deffnm 2-eq

GROMACS version:    2021.2
Verified release checksum is d91a739522d82c53dc47c2276b9ac5fae3b2119283e84e3a1c7bed8ce741fda2
Precision:          mixed
Memory model:       64 bit
MPI library:        thread_mpi
OpenMP support:     enabled (GMX_OPENMP_MAX_THREADS = 64)
GPU support:        CUDA
SIMD instructions:  AVX2_256
FFT library:        fftw-3.3.8-sse2-avx-avx2-avx2_128
RDTSCP usage:       enabled
TNG support:        enabled
Hwloc support:      disabled
Tracing support:    disabled
C compiler:         /usr/bin/cc GNU 10.3.0
C compiler flags:   -mavx2 -mfma -Wno-missing-field-initializers -fexcess-precision=fast -funroll-all-loops -pthread -O3 -DNDEBUG
C++ compiler:       /usr/bin/c++ GNU 10.3.0
C++ compiler flags: -mavx2 -mfma -Wno-missing-field-initializers -fexcess-precision=fast -funroll-all-loops -pthread -fopenmp -O3 -DNDEBUG
CUDA compiler:      /usr/bin/nvcc nvcc: NVIDIA (R) Cuda compiler driver;Copyright (c) 2005-2021 NVIDIA Corporation;Built on Sun_Feb_14_21:12:58_PST_2021;Cuda compilation tools, release 11.2, V11.2.152;Build cuda_11.2.r11.2/compiler.29618528_0
CUDA compiler flags:-std=c++17;-gencode;arch=compute_35,code=sm_35;-gencode;arch=compute_37,code=sm_37;-gencode;arch=compute_50,code=sm_50;-gencode;arch=compute_52,code=sm_52;-gencode;arch=compute_60,code=sm_60;-gencode;arch=compute_61,code=sm_61;-gencode;arch=compute_70,code=sm_70;-gencode;arch=compute_75,code=sm_75;-gencode;arch=compute_80,code=sm_80;-Wno-deprecated-gpu-targets;-gencode;arch=compute_86,code=sm_86;-gencode;arch=compute_35,code=compute_35;-gencode;arch=compute_53,code=compute_53;-gencode;arch=compute_80,code=compute_80;-use_fast_math;-D_FORCE_INLINES;-mavx2 -mfma -Wno-missing-field-initializers -fexcess-precision=fast -funroll-all-loops -pthread -fopenmp -O3 -DNDEBUG
CUDA driver:        11.40
CUDA runtime:       11.20


Running on 1 node with total 12 cores, 24 logical cores, 1 compatible GPU
Hardware detected:
  CPU info:
    Vendor: AMD
    Brand:  AMD Ryzen 9 5900X 12-Core Processor            
    Family: 25   Model: 33   Stepping: 0
    Features: aes amd apic avx avx2 clfsh cmov cx8 cx16 f16c fma htt lahf misalignsse mmx msr nonstop_tsc pclmuldq pdpe1gb popcnt pse rdrnd rdtscp sha sse2 sse3 sse4a sse4.1 sse4.2 ssse3
  Hardware topology: Basic
    Sockets, cores, and logical processors:
      Socket  0: [   0  12] [   1  13] [   2  14] [   3  15] [   4  16] [   5  17] [   6  18] [   7  19] [   8  20] [   9  21] [  10  22] [  11  23]
  GPU info:
    Number of GPUs detected: 1
    #0: NVIDIA NVIDIA GeForce RTX 3080 Ti, compute cap.: 8.6, ECC:  no, stat: compatible


++++ PLEASE READ AND CITE THE FOLLOWING REFERENCE ++++
M. J. Abraham, T. Murtola, R. Schulz, S. Páll, J. C. Smith, B. Hess, E.
Lindahl
GROMACS: High performance molecular simulations through multi-level
parallelism from laptops to supercomputers
SoftwareX 1 (2015) pp. 19-25
-------- -------- --- Thank You --- -------- --------


++++ PLEASE READ AND CITE THE FOLLOWING REFERENCE ++++
S. Páll, M. J. Abraham, C. Kutzner, B. Hess, E. Lindahl
Tackling Exascale Software Challenges in Molecular Dynamics Simulations with
GROMACS
In S. Markidis & E. Laure (Eds.), Solving Software Challenges for Exascale 8759 (2015) pp. 3-27
-------- -------- --- Thank You --- -------- --------


++++ PLEASE READ AND CITE THE FOLLOWING REFERENCE ++++
S. Pronk, S. Páll, R. Schulz, P. Larsson, P. Bjelkmar, R. Apostolov, M. R.
Shirts, J. C. Smith, P. M. Kasson, D. van der Spoel, B. Hess, and E. Lindahl
GROMACS 4.5: a high-throughput and highly parallel open source molecular
simulation toolkit
Bioinformatics 29 (2013) pp. 845-54
-------- -------- --- Thank You --- -------- --------


++++ PLEASE READ AND CITE THE FOLLOWING REFERENCE ++++
B. Hess and C. Kutzner and D. van der Spoel and E. Lindahl
GROMACS 4: Algorithms for highly efficient, load-balanced, and scalable
molecular simulation
J. Chem. Theory Comput. 4 (2008) pp. 435-447
-------- -------- --- Thank You --- -------- --------


++++ PLEASE READ AND CITE THE FOLLOWING REFERENCE ++++
D. van der Spoel, E. Lindahl, B. Hess, G. Groenhof, A. E. Mark and H. J. C.
Berendsen
GROMACS: Fast, Flexible and Free
J. Comp. Chem. 26 (2005) pp. 1701-1719
-------- -------- --- Thank You --- -------- --------


++++ PLEASE READ AND CITE THE FOLLOWING REFERENCE ++++
E. Lindahl and B. Hess and D. van der Spoel
GROMACS 3.0: A package for molecular simulation and trajectory analysis
J. Mol. Mod. 7 (2001) pp. 306-317
-------- -------- --- Thank You --- -------- --------


++++ PLEASE READ AND CITE THE FOLLOWING REFERENCE ++++
H. J. C. Berendsen, D. van der Spoel and R. van Drunen
GROMACS: A message-passing parallel molecular dynamics implementation
Comp. Phys. Comm. 91 (1995) pp. 43-56
-------- -------- --- Thank You --- -------- --------


++++ PLEASE CITE THE DOI FOR THIS VERSION OF GROMACS ++++
https://doi.org/10.5281/zenodo.4723562
-------- -------- --- Thank You --- -------- --------

Input Parameters:
   integrator                     = md
   tinit                          = 0
   dt                             = 0.001
   nsteps                         = 250000
   init-step                      = 0
   simulation-part                = 1
   mts                            = false
   comm-mode                      = Linear
   nstcomm                        = 100
   bd-fric                        = 0
   ld-seed                        = 1490755263
   emtol                          = 10
   emstep                         = 0.01
   niter                          = 20
   fcstep                         = 0
   nstcgsteep                     = 1000
   nbfgscorr                      = 10
   rtpi                           = 0.05
   nstxout                        = 500000
   nstvout                        = 500000
   nstfout                        = 0
   nstlog                         = 10000
   nstcalcenergy                  = 100
   nstenergy                      = 10000
   nstxout-compressed             = 10000
   compressed-x-precision         = 1000
   cutoff-scheme                  = Verlet
   nstlist                        = 5
   pbc                            = xyz
   periodic-molecules             = false
   verlet-buffer-tolerance        = 0.005
   rlist                          = 1.409
   coulombtype                    = Reaction-Field
   coulomb-modifier               = Potential-shift
   rcoulomb-switch                = 0
   rcoulomb                       = 1.4
   epsilon-r                      = 1
   epsilon-rf                     = 80
   vdw-type                       = Cut-off
   vdw-modifier                   = Potential-shift
   rvdw-switch                    = 0
   rvdw                           = 1.4
   DispCorr                       = EnerPres
   table-extension                = 1
   fourierspacing                 = 0.12
   fourier-nx                     = 0
   fourier-ny                     = 0
   fourier-nz                     = 0
   pme-order                      = 4
   ewald-rtol                     = 1e-05
   ewald-rtol-lj                  = 0.001
   lj-pme-comb-rule               = Geometric
   ewald-geometry                 = 0
   epsilon-surface                = 0
   tcoupl                         = Berendsen
   nsttcouple                     = 10
   nh-chain-length                = 0
   print-nose-hoover-chain-variables = false
   pcoupl                         = Berendsen
   pcoupltype                     = Isotropic
   nstpcouple                     = 10
   tau-p                          = 0.5
   compressibility (3x3):
      compressibility[    0]={ 5.00000e-05,  0.00000e+00,  0.00000e+00}
      compressibility[    1]={ 0.00000e+00,  5.00000e-05,  0.00000e+00}
      compressibility[    2]={ 0.00000e+00,  0.00000e+00,  5.00000e-05}
   ref-p (3x3):
      ref-p[    0]={ 1.00000e+00,  0.00000e+00,  0.00000e+00}
      ref-p[    1]={ 0.00000e+00,  1.00000e+00,  0.00000e+00}
      ref-p[    2]={ 0.00000e+00,  0.00000e+00,  1.00000e+00}
   refcoord-scaling               = All
   posres-com (3):
      posres-com[0]= 0.00000e+00
      posres-com[1]= 0.00000e+00
      posres-com[2]= 0.00000e+00
   posres-comB (3):
      posres-comB[0]= 0.00000e+00
      posres-comB[1]= 0.00000e+00
      posres-comB[2]= 0.00000e+00
   QMMM                           = false
qm-opts:
   ngQM                           = 0
   constraint-algorithm           = Lincs
   continuation                   = true
   Shake-SOR                      = false
   shake-tol                      = 0.0001
   lincs-order                    = 4
   lincs-iter                     = 1
   lincs-warnangle                = 30
   nwall                          = 0
   wall-type                      = 9-3
   wall-r-linpot                  = -1
   wall-atomtype[0]               = -1
   wall-atomtype[1]               = -1
   wall-density[0]                = 0
   wall-density[1]                = 0
   wall-ewald-zfac                = 3
   pull                           = false
   awh                            = false
   rotation                       = false
   interactiveMD                  = false
   disre                          = No
   disre-weighting                = Conservative
   disre-mixed                    = false
   dr-fc                          = 1000
   dr-tau                         = 0
   nstdisreout                    = 100
   orire-fc                       = 0
   orire-tau                      = 0
   nstorireout                    = 100
   free-energy                    = no
   cos-acceleration               = 0
   deform (3x3):
      deform[    0]={ 0.00000e+00,  0.00000e+00,  0.00000e+00}
      deform[    1]={ 0.00000e+00,  0.00000e+00,  0.00000e+00}
      deform[    2]={ 0.00000e+00,  0.00000e+00,  0.00000e+00}
   simulated-tempering            = false
   swapcoords                     = no
   userint1                       = 0
   userint2                       = 0
   userint3                       = 0
   userint4                       = 0
   userreal1                      = 0
   userreal2                      = 0
   userreal3                      = 0
   userreal4                      = 0
   applied-forces:
     electric-field:
       x:
         E0                       = 0
         omega                    = 0
         t0                       = 0
         sigma                    = 0
       y:
         E0                       = 0
         omega                    = 0
         t0                       = 0
         sigma                    = 0
       z:
         E0                       = 0
         omega                    = 0
         t0                       = 0
         sigma                    = 0
     density-guided-simulation:
       active                     = false
       group                      = protein
       similarity-measure         = inner-product
       atom-spreading-weight      = unity
       force-constant             = 1e+09
       gaussian-transform-spreading-width = 0.2
       gaussian-transform-spreading-range-in-multiples-of-width = 4
       reference-density-filename = reference.mrc
       nst                        = 1
       normalize-densities        = true
       adaptive-force-scaling     = false
       adaptive-force-scaling-time-constant = 4
       shift-vector               = 
       transformation-matrix      = 
grpopts:
   nrdf:       10222
   ref-t:      298.15
   tau-t:         0.1
annealing:          No
annealing-npoints:           0
   acc:	           0           0           0
   nfreeze:           N           N           N
   energygrp-flags[  0]: 0

Changing nstlist from 5 to 50, rlist from 1.409 to 1.613

1 GPU selected for this run.
Mapping of GPU IDs to the 1 GPU task in the 1 rank on this node:
  PP:0
PP tasks will do (non-perturbed) short-ranged interactions on the GPU
PP task will update and constrain coordinates on the CPU
Using 1 MPI thread
Using 24 OpenMP threads 

Pinning threads with an auto-selected logical core stride of 1
System total charge: -0.000
Reaction-Field:
epsRF = 80, rc = 1.4, krf = 0.17882, crf = 1.06477, epsfac = 138.935
The electrostatics potential has its minimum at r = 1.40881
Potential shift: LJ r^-12: -1.764e-02 r^-6: -1.328e-01
Generated table with 1306 data points for 1-4 COUL.
Tabscale = 500 points/nm
Generated table with 1306 data points for 1-4 LJ6.
Tabscale = 500 points/nm
Generated table with 1306 data points for 1-4 LJ12.
Tabscale = 500 points/nm
Long Range LJ corr.: <C6> 2.8184e-04


Using GPU 8x8 nonbonded short-range kernels

Using a dual 8x8 pair-list setup updated with dynamic, rolling pruning:
  outer list: updated every 50 steps, buffer 0.213 nm, rlist 1.613 nm
  inner list: updated every  4 steps, buffer 0.010 nm, rlist 1.410 nm
At tolerance 0.005 kJ/mol/ps per atom, equivalent classical 1x1 list would be:
  outer list: updated every 50 steps, buffer 0.278 nm, rlist 1.678 nm
  inner list: updated every  4 steps, buffer 0.017 nm, rlist 1.417 nm

Using geometric Lennard-Jones combination rule

Initializing LINear Constraint Solver

++++ PLEASE READ AND CITE THE FOLLOWING REFERENCE ++++
B. Hess and H. Bekker and H. J. C. Berendsen and J. G. E. M. Fraaije
LINCS: A Linear Constraint Solver for molecular simulations
J. Comp. Chem. 18 (1997) pp. 1463-1472
-------- -------- --- Thank You --- -------- --------

The number of constraints is 107

++++ PLEASE READ AND CITE THE FOLLOWING REFERENCE ++++
S. Miyamoto and P. A. Kollman
SETTLE: An Analytical Version of the SHAKE and RATTLE Algorithms for Rigid
Water Models
J. Comp. Chem. 13 (1992) pp. 952-962
-------- -------- --- Thank You --- -------- --------


++++ PLEASE READ AND CITE THE FOLLOWING REFERENCE ++++
H. J. C. Berendsen, J. P. M. Postma, A. DiNola and J. R. Haak
Molecular dynamics with coupling to an external bath
J. Chem. Phys. 81 (1984) pp. 3684-3690
-------- -------- --- Thank You --- -------- --------

There are: 5112 Atoms
Center of mass motion removal mode is Linear
We have the following groups for center of mass motion removal:
  0:  rest

Started mdrun on rank 0 Tue Jun 14 20:39:56 2022

           Step           Time
              0        0.00000


Step 0  Warning: pressure scaling more than 1%, mu: 0.954119 0.954119 0.954119
   Energies (kJ/mol)
          Angle Ryckaert-Bell.          LJ-14     Coulomb-14        LJ (SR)
    1.64337e+01    1.19724e+02    2.08164e+02    1.27006e+03    1.60231e+04
  Disper. corr.   Coulomb (SR)      Potential    Kinetic En.   Total Energy
   -2.04802e+02   -8.40489e+04   -6.66162e+04    3.24277e+04   -3.41886e+04
  Conserved En.    Temperature Pres. DC (bar) Pressure (bar)   Constr. rmsd
    3.13925e+04    7.63090e+02   -6.20062e+01   -1.37643e+05    8.14468e-05

           Step           Time
          10000       10.00000

   Energies (kJ/mol)
          Angle Ryckaert-Bell.          LJ-14     Coulomb-14        LJ (SR)
    3.05334e+02   -9.15924e+01    1.17345e+02    1.10515e+03    9.85169e+03
  Disper. corr.   Coulomb (SR)      Potential    Kinetic En.   Total Energy
   -2.19497e+02   -7.81015e+04   -6.70331e+04    1.25185e+04   -5.45145e+04
  Conserved En.    Temperature Pres. DC (bar) Pressure (bar)   Constr. rmsd
    1.75564e+04    2.94587e+02   -7.12192e+01   -1.12399e+02    1.74633e-06

           Step           Time
          20000       20.00000

   Energies (kJ/mol)
          Angle Ryckaert-Bell.          LJ-14     Coulomb-14        LJ (SR)
    2.58249e+02   -1.15923e+02    1.24112e+02    1.12668e+03    1.00606e+04
  Disper. corr.   Coulomb (SR)      Potential    Kinetic En.   Total Energy
   -2.19358e+02   -7.83700e+04   -6.71357e+04    1.25569e+04   -5.45788e+04
  Conserved En.    Temperature Pres. DC (bar) Pressure (bar)   Constr. rmsd
    1.76154e+04    2.95489e+02   -7.11288e+01   -2.70817e+01    1.32840e-06

           Step           Time
          30000       30.00000

   Energies (kJ/mol)
          Angle Ryckaert-Bell.          LJ-14     Coulomb-14        LJ (SR)
    2.91765e+02   -1.47311e+02    1.03426e+02    1.07148e+03    1.00764e+04
  Disper. corr.   Coulomb (SR)      Potential    Kinetic En.   Total Energy
   -2.18623e+02   -7.85008e+04   -6.73237e+04    1.26414e+04   -5.46823e+04
  Conserved En.    Temperature Pres. DC (bar) Pressure (bar)   Constr. rmsd
    1.76803e+04    2.97478e+02   -7.06533e+01   -1.12624e+02    1.73539e-06

           Step           Time
          40000       40.00000

   Energies (kJ/mol)
          Angle Ryckaert-Bell.          LJ-14     Coulomb-14        LJ (SR)
    2.16963e+02   -1.72207e+02    9.33560e+01    1.06141e+03    1.04099e+04
  Disper. corr.   Coulomb (SR)      Potential    Kinetic En.   Total Energy
   -2.17974e+02   -7.87383e+04   -6.73468e+04    1.27038e+04   -5.46430e+04
  Conserved En.    Temperature Pres. DC (bar) Pressure (bar)   Constr. rmsd
    1.77441e+04    2.98947e+02   -7.02347e+01    2.18016e+02    1.35031e-06

           Step           Time
          50000       50.00000

   Energies (kJ/mol)
          Angle Ryckaert-Bell.          LJ-14     Coulomb-14        LJ (SR)
    2.04341e+02   -2.06061e+02    1.20193e+02    1.07529e+03    9.93874e+03
  Disper. corr.   Coulomb (SR)      Potential    Kinetic En.   Total Energy
   -2.18862e+02   -7.81762e+04   -6.72625e+04    1.28791e+04   -5.43834e+04
  Conserved En.    Temperature Pres. DC (bar) Pressure (bar)   Constr. rmsd
    1.78104e+04    3.03072e+02   -7.08082e+01   -8.49930e+01    1.36283e-06

           Step           Time
          60000       60.00000

   Energies (kJ/mol)
          Angle Ryckaert-Bell.          LJ-14     Coulomb-14        LJ (SR)
    2.35327e+02   -2.03219e+02    1.03989e+02    1.08507e+03    1.00367e+04
  Disper. corr.   Coulomb (SR)      Potential    Kinetic En.   Total Energy
   -2.17672e+02   -7.82060e+04   -6.71658e+04    1.26055e+04   -5.45603e+04
  Conserved En.    Temperature Pres. DC (bar) Pressure (bar)   Constr. rmsd
    1.78740e+04    2.96634e+02   -7.00403e+01   -3.83510e+01    1.29646e-06

           Step           Time
          70000       70.00000

   Energies (kJ/mol)
          Angle Ryckaert-Bell.          LJ-14     Coulomb-14        LJ (SR)
    2.16163e+02   -1.94024e+02    9.69758e+01    1.05696e+03    1.05323e+04
  Disper. corr.   Coulomb (SR)      Potential    Kinetic En.   Total Energy
   -2.19149e+02   -7.88968e+04   -6.74076e+04    1.28175e+04   -5.45902e+04
  Conserved En.    Temperature Pres. DC (bar) Pressure (bar)   Constr. rmsd
    1.79371e+04    3.01621e+02   -7.09939e+01    3.98119e+02    1.22400e-06

           Step           Time
          80000       80.00000

   Energies (kJ/mol)
          Angle Ryckaert-Bell.          LJ-14     Coulomb-14        LJ (SR)
    2.57489e+02   -2.13739e+02    1.00688e+02    1.06638e+03    1.05592e+04
  Disper. corr.   Coulomb (SR)      Potential    Kinetic En.   Total Energy
   -2.17590e+02   -7.88456e+04   -6.72932e+04    1.25512e+04   -5.47419e+04
  Conserved En.    Temperature Pres. DC (bar) Pressure (bar)   Constr. rmsd
    1.79994e+04    2.95356e+02   -6.99875e+01    4.10810e+02    1.46077e-06

           Step           Time
          90000       90.00000

   Energies (kJ/mol)
          Angle Ryckaert-Bell.          LJ-14     Coulomb-14        LJ (SR)
    1.93868e+02   -1.98877e+02    1.02692e+02    1.06497e+03    9.84407e+03
  Disper. corr.   Coulomb (SR)      Potential    Kinetic En.   Total Energy
   -2.21465e+02   -7.82133e+04   -6.74281e+04    1.27727e+04   -5.46554e+04
  Conserved En.    Temperature Pres. DC (bar) Pressure (bar)   Constr. rmsd
    1.80647e+04    3.00567e+02   -7.25013e+01   -1.11483e+00    1.50812e-06

           Step           Time
         100000      100.00000

   Energies (kJ/mol)
          Angle Ryckaert-Bell.          LJ-14     Coulomb-14        LJ (SR)
    2.50144e+02   -2.21807e+02    9.31156e+01    1.07330e+03    9.60873e+03
  Disper. corr.   Coulomb (SR)      Potential    Kinetic En.   Total Energy
   -2.19074e+02   -7.76207e+04   -6.70363e+04    1.24788e+04   -5.45575e+04
  Conserved En.    Temperature Pres. DC (bar) Pressure (bar)   Constr. rmsd
    1.81294e+04    2.93653e+02   -7.09454e+01   -3.55327e+02    1.46766e-06

           Step           Time
         110000      110.00000

   Energies (kJ/mol)
          Angle Ryckaert-Bell.          LJ-14     Coulomb-14        LJ (SR)
    2.55869e+02   -1.84586e+02    9.32738e+01    1.06099e+03    1.01244e+04
  Disper. corr.   Coulomb (SR)      Potential    Kinetic En.   Total Energy
   -2.18706e+02   -7.83831e+04   -6.72519e+04    1.26099e+04   -5.46420e+04
  Conserved En.    Temperature Pres. DC (bar) Pressure (bar)   Constr. rmsd
    1.81916e+04    2.96737e+02   -7.07068e+01   -1.17105e+02    1.40260e-06

           Step           Time
         120000      120.00000

   Energies (kJ/mol)
          Angle Ryckaert-Bell.          LJ-14     Coulomb-14        LJ (SR)
    2.20963e+02   -1.99426e+02    1.01935e+02    1.07241e+03    1.01678e+04
  Disper. corr.   Coulomb (SR)      Potential    Kinetic En.   Total Energy
   -2.17849e+02   -7.84144e+04   -6.72685e+04    1.28590e+04   -5.44095e+04
  Conserved En.    Temperature Pres. DC (bar) Pressure (bar)   Constr. rmsd
    1.82530e+04    3.02599e+02   -7.01542e+01   -4.44192e+01    1.22774e-06

           Step           Time
         130000      130.00000

   Energies (kJ/mol)
          Angle Ryckaert-Bell.          LJ-14     Coulomb-14        LJ (SR)
    2.07158e+02   -1.85514e+02    9.20927e+01    1.10863e+03    1.01597e+04
  Disper. corr.   Coulomb (SR)      Potential    Kinetic En.   Total Energy
   -2.17880e+02   -7.84842e+04   -6.73199e+04    1.27913e+04   -5.45286e+04
  Conserved En.    Temperature Pres. DC (bar) Pressure (bar)   Constr. rmsd
    1.83166e+04    3.01006e+02   -7.01742e+01    4.66465e+01    1.34178e-06

           Step           Time
         140000      140.00000

   Energies (kJ/mol)
          Angle Ryckaert-Bell.          LJ-14     Coulomb-14        LJ (SR)
    2.19545e+02   -1.51566e+02    1.01203e+02    1.14180e+03    1.02976e+04
  Disper. corr.   Coulomb (SR)      Potential    Kinetic En.   Total Energy
   -2.17623e+02   -7.86198e+04   -6.72289e+04    1.26701e+04   -5.45588e+04
  Conserved En.    Temperature Pres. DC (bar) Pressure (bar)   Constr. rmsd
    1.83810e+04    2.98153e+02   -7.00088e+01    1.64771e+02    1.44255e-06

           Step           Time
         150000      150.00000

   Energies (kJ/mol)
          Angle Ryckaert-Bell.          LJ-14     Coulomb-14        LJ (SR)
    2.84689e+02   -1.39574e+02    1.29567e+02    1.15630e+03    9.64888e+03
  Disper. corr.   Coulomb (SR)      Potential    Kinetic En.   Total Energy
   -2.19103e+02   -7.81979e+04   -6.73371e+04    1.28117e+04   -5.45254e+04
  Conserved En.    Temperature Pres. DC (bar) Pressure (bar)   Constr. rmsd
    1.84553e+04    3.01486e+02   -7.09636e+01   -5.70261e+02    1.37780e-06

           Step           Time
         160000      160.00000

   Energies (kJ/mol)
          Angle Ryckaert-Bell.          LJ-14     Coulomb-14        LJ (SR)
    2.66907e+02   -1.57927e+02    1.06886e+02    1.13946e+03    1.01176e+04
  Disper. corr.   Coulomb (SR)      Potential    Kinetic En.   Total Energy
   -2.18867e+02   -7.88239e+04   -6.75698e+04    1.28095e+04   -5.47603e+04
  Conserved En.    Temperature Pres. DC (bar) Pressure (bar)   Constr. rmsd
    1.85170e+04    3.01434e+02   -7.08114e+01   -2.16960e+02    1.61944e-06

           Step           Time
         170000      170.00000

   Energies (kJ/mol)
          Angle Ryckaert-Bell.          LJ-14     Coulomb-14        LJ (SR)
    1.93401e+02   -1.51507e+02    9.27531e+01    1.11877e+03    1.00707e+04
  Disper. corr.   Coulomb (SR)      Potential    Kinetic En.   Total Energy
   -2.17825e+02   -7.80523e+04   -6.69460e+04    1.27368e+04   -5.42092e+04
  Conserved En.    Temperature Pres. DC (bar) Pressure (bar)   Constr. rmsd
    1.85800e+04    2.99723e+02   -7.01386e+01    7.72073e+01    1.55822e-06

           Step           Time
         180000      180.00000

   Energies (kJ/mol)
          Angle Ryckaert-Bell.          LJ-14     Coulomb-14        LJ (SR)
    2.45648e+02   -1.59252e+02    1.33166e+02    1.12507e+03    1.00412e+04
  Disper. corr.   Coulomb (SR)      Potential    Kinetic En.   Total Energy
   -2.19442e+02   -7.85808e+04   -6.74145e+04    1.28343e+04   -5.45802e+04
  Conserved En.    Temperature Pres. DC (bar) Pressure (bar)   Constr. rmsd
    1.86464e+04    3.02018e+02   -7.11835e+01   -3.23111e+01    1.45119e-06

           Step           Time
         190000      190.00000

   Energies (kJ/mol)
          Angle Ryckaert-Bell.          LJ-14     Coulomb-14        LJ (SR)
    2.43273e+02   -1.39776e+02    1.06246e+02    1.12159e+03    1.04614e+04
  Disper. corr.   Coulomb (SR)      Potential    Kinetic En.   Total Energy
   -2.18073e+02   -7.93289e+04   -6.77542e+04    1.28789e+04   -5.48753e+04
  Conserved En.    Temperature Pres. DC (bar) Pressure (bar)   Constr. rmsd
    1.87078e+04    3.03066e+02   -7.02986e+01    1.18564e+02    1.61232e-06

           Step           Time
         200000      200.00000

   Energies (kJ/mol)
          Angle Ryckaert-Bell.          LJ-14     Coulomb-14        LJ (SR)
    2.14069e+02   -1.41131e+02    1.31322e+02    1.12588e+03    1.02630e+04
  Disper. corr.   Coulomb (SR)      Potential    Kinetic En.   Total Energy
   -2.19222e+02   -7.85936e+04   -6.72197e+04    1.26211e+04   -5.45986e+04
  Conserved En.    Temperature Pres. DC (bar) Pressure (bar)   Constr. rmsd
    1.87708e+04    2.97000e+02   -7.10406e+01    3.51356e+02    1.18388e-06

           Step           Time
         210000      210.00000

   Energies (kJ/mol)
          Angle Ryckaert-Bell.          LJ-14     Coulomb-14        LJ (SR)
    2.03800e+02   -1.37434e+02    1.27423e+02    1.14981e+03    9.72024e+03
  Disper. corr.   Coulomb (SR)      Potential    Kinetic En.   Total Energy
   -2.20555e+02   -7.81291e+04   -6.72858e+04    1.26145e+04   -5.46713e+04
  Conserved En.    Temperature Pres. DC (bar) Pressure (bar)   Constr. rmsd
    1.88356e+04    2.96845e+02   -7.19072e+01   -1.48936e+02    1.55181e-06

           Step           Time
         220000      220.00000

   Energies (kJ/mol)
          Angle Ryckaert-Bell.          LJ-14     Coulomb-14        LJ (SR)
    2.67549e+02   -1.53227e+02    1.14060e+02    1.14245e+03    9.88485e+03
  Disper. corr.   Coulomb (SR)      Potential    Kinetic En.   Total Energy
   -2.18971e+02   -7.84155e+04   -6.73788e+04    1.27630e+04   -5.46158e+04
  Conserved En.    Temperature Pres. DC (bar) Pressure (bar)   Constr. rmsd
    1.88991e+04    3.00340e+02   -7.08783e+01   -2.86509e+02    1.62478e-06

           Step           Time
         230000      230.00000

   Energies (kJ/mol)
          Angle Ryckaert-Bell.          LJ-14     Coulomb-14        LJ (SR)
    2.33853e+02   -1.47654e+02    1.03350e+02    1.13358e+03    1.01812e+04
  Disper. corr.   Coulomb (SR)      Potential    Kinetic En.   Total Energy
   -2.18386e+02   -7.84918e+04   -6.72059e+04    1.26828e+04   -5.45231e+04
  Conserved En.    Temperature Pres. DC (bar) Pressure (bar)   Constr. rmsd
    1.89574e+04    2.98452e+02   -7.05002e+01    2.37747e+00    1.86480e-06

           Step           Time
         240000      240.00000

   Energies (kJ/mol)
          Angle Ryckaert-Bell.          LJ-14     Coulomb-14        LJ (SR)
    2.31279e+02   -1.52902e+02    1.23155e+02    1.15231e+03    9.69778e+03
  Disper. corr.   Coulomb (SR)      Potential    Kinetic En.   Total Energy
   -2.19411e+02   -7.79826e+04   -6.71504e+04    1.26169e+04   -5.45335e+04
  Conserved En.    Temperature Pres. DC (bar) Pressure (bar)   Constr. rmsd
    1.90239e+04    2.96901e+02   -7.11635e+01   -2.27012e+02    1.32886e-06

           Step           Time
         250000      250.00000

Writing checkpoint, step 250000 at Tue Jun 14 20:40:25 2022


   Energies (kJ/mol)
          Angle Ryckaert-Bell.          LJ-14     Coulomb-14        LJ (SR)
    2.69342e+02   -1.41015e+02    1.26201e+02    1.15081e+03    1.00186e+04
  Disper. corr.   Coulomb (SR)      Potential    Kinetic En.   Total Energy
   -2.19664e+02   -7.85244e+04   -6.73201e+04    1.28759e+04   -5.44442e+04
  Conserved En.    Temperature Pres. DC (bar) Pressure (bar)   Constr. rmsd
    1.90883e+04    3.02996e+02   -7.13274e+01   -4.85828e+01    1.43190e-06


Energy conservation over simulation part #1 of length 250 ns, time 0 to 250 ns
  Conserved energy drift: -9.63e-03 kJ/mol/ps per atom


	<======  ###############  ==>
	<====  A V E R A G E S  ====>
	<==  ###############  ======>

	Statistics over 250001 steps using 2501 frames

   Energies (kJ/mol)
          Angle Ryckaert-Bell.          LJ-14     Coulomb-14        LJ (SR)
    2.50211e+02   -1.62447e+02    1.06239e+02    1.10469e+03    1.01438e+04
  Disper. corr.   Coulomb (SR)      Potential    Kinetic En.   Total Energy
   -2.18741e+02   -7.85671e+04   -6.73433e+04    1.26773e+04   -5.46659e+04
  Conserved En.    Temperature Pres. DC (bar) Pressure (bar)   Constr. rmsd
    1.82948e+04    2.98324e+02   -7.07309e+01   -5.29589e+01    0.00000e+00

          Box-X          Box-Y          Box-Z
    3.71756e+00    3.71756e+00    3.71756e+00

   Total Virial (kJ/mol)
    4.30478e+03   -1.77229e+00    1.64825e+00
   -1.82659e+00    4.31981e+03   -7.91343e+00
    1.59933e+00   -7.98178e+00    4.31612e+03

   Pressure (bar)
   -4.75937e+01    1.07919e-01   -2.37728e+00
    1.42964e-01   -5.69327e+01    7.11121e+00
   -2.34566e+00    7.15530e+00   -5.43503e+01


	M E G A - F L O P S   A C C O U N T I N G

 NB=Group-cutoff nonbonded kernels    NxN=N-by-N cluster Verlet kernels
 RF=Reaction-Field  VdW=Van der Waals  QSTab=quadratic-spline table
 W3=SPC/TIP3p  W4=TIP4p (single or pairs)
 V&F=Potential and force  V=Potential only  F=Force only

 Computing:                               M-Number         M-Flops  % Flops
-----------------------------------------------------------------------------
 Pair Search distance check            4054.641136       36491.770     0.0
 NxN RF Elec. + LJ [F]              2552239.390976    96985096.857    98.3
 NxN RF Elec. + LJ [V&F]              25788.548160     1392581.601     1.4
 1,4 nonbonded interactions              68.250273        6142.525     0.0
 Shift-X                                 25.565112         153.391     0.0
 Angles                                  49.500198        8316.033     0.0
 RB-Dihedrals                            68.250273       16857.817     0.0
 Virial                                 128.930157        2320.743     0.0
 Stop-CM                                 12.785112         127.851     0.0
 P-Coupling                             127.805112         766.831     0.0
 Calc-Ekin                              255.610224        6901.476     0.0
 Lincs                                   26.750107        1605.006     0.0
 Lincs-Mat                              594.002376        2376.010     0.0
 Constraint-V                          1304.505218       11740.547     0.0
 Constraint-Vir                         127.780111        3066.723     0.0
 Settle                                 417.001668      154290.617     0.2
-----------------------------------------------------------------------------
 Total                                                98628835.797   100.0
-----------------------------------------------------------------------------


     R E A L   C Y C L E   A N D   T I M E   A C C O U N T I N G

On 1 MPI rank, each using 24 OpenMP threads

 Computing:          Num   Num      Call    Wall time         Giga-Cycles
                     Ranks Threads  Count      (s)         total sum    %
-----------------------------------------------------------------------------
 Neighbor search        1   24       5001       1.447        128.459   5.0
 Launch GPU ops.        1   24     250001       4.091        363.318  14.0
 Force                  1   24     250001       4.358        386.967  14.9
 Wait GPU NB local      1   24     250001       7.955        706.397  27.2
 NB X/F buffer ops.     1   24     495001       2.810        249.564   9.6
 Write traj.            1   24         26       0.033          2.949   0.1
 Update                 1   24     250001       2.207        196.009   7.6
 Constraints            1   24     250001       4.935        438.218  16.9
 Rest                                           1.388        123.228   4.7
-----------------------------------------------------------------------------
 Total                                         29.224       2595.109 100.0
-----------------------------------------------------------------------------

               Core t (s)   Wall t (s)        (%)
       Time:      701.374       29.224     2400.0
                 (ns/day)    (hour/ns)
Performance:      739.122        0.032
Finished mdrun on rank 0 Tue Jun 14 20:40:25 2022

